{"D:\\project-unit-testing\\components\\Accordian.tsx": {"path":"D:\\project-unit-testing\\components\\Accordian.tsx","statementMap":{"0":{"start":{"line":101,"column":0},"end":{"line":101,"column":15}},"1":{"start":{"line":2,"column":25},"end":{"line":2,"column":null}},"2":{"start":{"line":3,"column":32},"end":{"line":3,"column":null}},"3":{"start":{"line":4,"column":18},"end":{"line":4,"column":null}},"4":{"start":{"line":5,"column":15},"end":{"line":5,"column":null}},"5":{"start":{"line":6,"column":17},"end":{"line":6,"column":null}},"6":{"start":{"line":8,"column":18},"end":{"line":99,"column":null}},"7":{"start":{"line":9,"column":18},"end":{"line":48,"column":null}},"8":{"start":{"line":50,"column":30},"end":{"line":50,"column":null}},"9":{"start":{"line":52,"column":26},"end":{"line":56,"column":null}},"10":{"start":{"line":53,"column":22},"end":{"line":53,"column":null}},"11":{"start":{"line":54,"column":4},"end":{"line":54,"column":null}},"12":{"start":{"line":55,"column":4},"end":{"line":55,"column":null}},"13":{"start":{"line":72,"column":12},"end":{"line":72,"column":29}},"14":{"start":{"line":73,"column":108},"end":{"line":73,"column":null}},"15":{"start":{"line":101,"column":15},"end":{"line":101,"column":null}}},"fnMap":{"0":{"name":"(anonymous_2)","decl":{"start":{"line":8,"column":18},"end":{"line":8,"column":null}},"loc":{"start":{"line":8,"column":18},"end":{"line":99,"column":null}}},"1":{"name":"(anonymous_3)","decl":{"start":{"line":52,"column":26},"end":{"line":52,"column":27}},"loc":{"start":{"line":52,"column":27},"end":{"line":56,"column":null}}},"2":{"name":"(anonymous_4)","decl":{"start":{"line":71,"column":23},"end":{"line":71,"column":24}},"loc":{"start":{"line":72,"column":12},"end":{"line":72,"column":29}}},"3":{"name":"(anonymous_5)","decl":{"start":{"line":73,"column":102},"end":{"line":73,"column":108}},"loc":{"start":{"line":73,"column":108},"end":{"line":73,"column":null}}}},"branchMap":{"0":{"loc":{"start":{"line":81,"column":19},"end":{"line":81,"column":null}},"type":"cond-expr","locations":[{"start":{"line":81,"column":35},"end":{"line":81,"column":49}},{"start":{"line":81,"column":49},"end":{"line":81,"column":null}}]},"1":{"loc":{"start":{"line":84,"column":30},"end":{"line":84,"column":null}},"type":"cond-expr","locations":[{"start":{"line":84,"column":46},"end":{"line":84,"column":60}},{"start":{"line":84,"column":60},"end":{"line":84,"column":null}}]}},"s":{"0":2,"1":1,"2":1,"3":1,"4":1,"5":1,"6":1,"7":7,"8":7,"9":7,"10":5,"11":5,"12":5,"13":35,"14":5,"15":1},"f":{"0":7,"1":5,"2":35,"3":5},"b":{"0":[15,20],"1":[15,20]}}
,"D:\\project-unit-testing\\components\\Acitvities.tsx": {"path":"D:\\project-unit-testing\\components\\Acitvities.tsx","statementMap":{"0":{"start":{"line":98,"column":0},"end":{"line":98,"column":15}},"1":{"start":{"line":1,"column":18},"end":{"line":1,"column":null}},"2":{"start":{"line":2,"column":18},"end":{"line":2,"column":null}},"3":{"start":{"line":3,"column":17},"end":{"line":3,"column":null}},"4":{"start":{"line":4,"column":17},"end":{"line":4,"column":null}},"5":{"start":{"line":5,"column":15},"end":{"line":5,"column":null}},"6":{"start":{"line":6,"column":17},"end":{"line":6,"column":null}},"7":{"start":{"line":7,"column":15},"end":{"line":7,"column":null}},"8":{"start":{"line":8,"column":15},"end":{"line":8,"column":null}},"9":{"start":{"line":9,"column":19},"end":{"line":96,"column":null}},"10":{"start":{"line":98,"column":15},"end":{"line":98,"column":null}}},"fnMap":{"0":{"name":"(anonymous_2)","decl":{"start":{"line":9,"column":19},"end":{"line":9,"column":null}},"loc":{"start":{"line":9,"column":19},"end":{"line":96,"column":null}}}},"branchMap":{},"s":{"0":1,"1":1,"2":1,"3":1,"4":1,"5":1,"6":1,"7":1,"8":1,"9":1,"10":1},"f":{"0":1},"b":{}}
,"D:\\project-unit-testing\\components\\Circle.tsx": {"path":"D:\\project-unit-testing\\components\\Circle.tsx","statementMap":{"0":{"start":{"line":32,"column":0},"end":{"line":32,"column":15}},"1":{"start":{"line":1,"column":18},"end":{"line":1,"column":null}},"2":{"start":{"line":2,"column":18},"end":{"line":2,"column":null}},"3":{"start":{"line":3,"column":14},"end":{"line":3,"column":null}},"4":{"start":{"line":5,"column":16},"end":{"line":10,"column":null}},"5":{"start":{"line":11,"column":31},"end":{"line":30,"column":null}},"6":{"start":{"line":16,"column":10},"end":{"line":16,"column":31}},"7":{"start":{"line":32,"column":15},"end":{"line":32,"column":null}}},"fnMap":{"0":{"name":"(anonymous_2)","decl":{"start":{"line":11,"column":31},"end":{"line":11,"column":null}},"loc":{"start":{"line":11,"column":31},"end":{"line":30,"column":null}}},"1":{"name":"(anonymous_3)","decl":{"start":{"line":15,"column":21},"end":{"line":15,"column":22}},"loc":{"start":{"line":16,"column":10},"end":{"line":16,"column":31}}}},"branchMap":{},"s":{"0":1,"1":1,"2":1,"3":1,"4":1,"5":1,"6":4,"7":1},"f":{"0":1,"1":4},"b":{}}
,"D:\\project-unit-testing\\components\\Classes.tsx": {"path":"D:\\project-unit-testing\\components\\Classes.tsx","statementMap":{"0":{"start":{"line":224,"column":0},"end":{"line":224,"column":15}},"1":{"start":{"line":2,"column":43},"end":{"line":2,"column":null}},"2":{"start":{"line":3,"column":18},"end":{"line":3,"column":null}},"3":{"start":{"line":5,"column":15},"end":{"line":5,"column":null}},"4":{"start":{"line":16,"column":29},"end":{"line":46,"column":null}},"5":{"start":{"line":48,"column":30},"end":{"line":48,"column":null}},"6":{"start":{"line":49,"column":56},"end":{"line":49,"column":null}},"7":{"start":{"line":51,"column":30},"end":{"line":77,"column":null}},"8":{"start":{"line":52,"column":26},"end":{"line":52,"column":50}},"9":{"start":{"line":54,"column":8},"end":{"line":76,"column":null}},"10":{"start":{"line":55,"column":30},"end":{"line":55,"column":null}},"11":{"start":{"line":56,"column":29},"end":{"line":56,"column":null}},"12":{"start":{"line":57,"column":32},"end":{"line":57,"column":null}},"13":{"start":{"line":59,"column":27},"end":{"line":59,"column":null}},"14":{"start":{"line":60,"column":12},"end":{"line":62,"column":null}},"15":{"start":{"line":61,"column":16},"end":{"line":61,"column":null}},"16":{"start":{"line":63,"column":12},"end":{"line":65,"column":null}},"17":{"start":{"line":64,"column":16},"end":{"line":64,"column":null}},"18":{"start":{"line":67,"column":12},"end":{"line":70,"column":null}},"19":{"start":{"line":69,"column":16},"end":{"line":69,"column":null}},"20":{"start":{"line":71,"column":12},"end":{"line":71,"column":null}},"21":{"start":{"line":72,"column":12},"end":{"line":75,"column":null}},"22":{"start":{"line":160,"column":43},"end":{"line":160,"column":null}},"23":{"start":{"line":177,"column":36},"end":{"line":177,"column":89}},"24":{"start":{"line":212,"column":43},"end":{"line":212,"column":null}},"25":{"start":{"line":224,"column":15},"end":{"line":224,"column":null}}},"fnMap":{"0":{"name":"Classes","decl":{"start":{"line":15,"column":9},"end":{"line":15,"column":null}},"loc":{"start":{"line":15,"column":9},"end":{"line":223,"column":null}}},"1":{"name":"(anonymous_6)","decl":{"start":{"line":51,"column":30},"end":{"line":51,"column":31}},"loc":{"start":{"line":51,"column":31},"end":{"line":77,"column":null}}},"2":{"name":"(anonymous_7)","decl":{"start":{"line":69,"column":37},"end":{"line":69,"column":42}},"loc":{"start":{"line":69,"column":37},"end":{"line":69,"column":null}}},"3":{"name":"(anonymous_8)","decl":{"start":{"line":160,"column":37},"end":{"line":160,"column":43}},"loc":{"start":{"line":160,"column":43},"end":{"line":160,"column":null}}},"4":{"name":"(anonymous_9)","decl":{"start":{"line":176,"column":42},"end":{"line":176,"column":43}},"loc":{"start":{"line":177,"column":36},"end":{"line":177,"column":89}}},"5":{"name":"(anonymous_10)","decl":{"start":{"line":212,"column":37},"end":{"line":212,"column":43}},"loc":{"start":{"line":212,"column":43},"end":{"line":212,"column":null}}}},"branchMap":{"0":{"loc":{"start":{"line":54,"column":8},"end":{"line":76,"column":null}},"type":"if","locations":[{"start":{"line":54,"column":8},"end":{"line":76,"column":null}}]},"1":{"loc":{"start":{"line":60,"column":12},"end":{"line":62,"column":null}},"type":"if","locations":[{"start":{"line":60,"column":12},"end":{"line":62,"column":null}}]},"2":{"loc":{"start":{"line":63,"column":12},"end":{"line":65,"column":null}},"type":"if","locations":[{"start":{"line":63,"column":12},"end":{"line":65,"column":null}}]},"3":{"loc":{"start":{"line":67,"column":12},"end":{"line":70,"column":null}},"type":"if","locations":[{"start":{"line":67,"column":12},"end":{"line":70,"column":null}}]}},"s":{"0":3,"1":1,"2":1,"3":1,"4":4,"5":4,"6":4,"7":4,"8":2,"9":2,"10":2,"11":2,"12":2,"13":2,"14":2,"15":1,"16":2,"17":1,"18":2,"19":2,"20":2,"21":2,"22":1,"23":16,"24":1,"25":1},"f":{"0":4,"1":2,"2":2,"3":1,"4":16,"5":1},"b":{"0":[2],"1":[1],"2":[1],"3":[2]}}
,"D:\\project-unit-testing\\components\\Discover.tsx": {"path":"D:\\project-unit-testing\\components\\Discover.tsx","statementMap":{"0":{"start":{"line":37,"column":0},"end":{"line":37,"column":15}},"1":{"start":{"line":1,"column":18},"end":{"line":1,"column":null}},"2":{"start":{"line":2,"column":18},"end":{"line":2,"column":null}},"3":{"start":{"line":3,"column":15},"end":{"line":3,"column":null}},"4":{"start":{"line":4,"column":15},"end":{"line":4,"column":null}},"5":{"start":{"line":5,"column":15},"end":{"line":5,"column":null}},"6":{"start":{"line":6,"column":15},"end":{"line":6,"column":null}},"7":{"start":{"line":8,"column":15},"end":{"line":13,"column":null}},"8":{"start":{"line":14,"column":17},"end":{"line":35,"column":null}},"9":{"start":{"line":20,"column":10},"end":{"line":20,"column":27}},"10":{"start":{"line":37,"column":15},"end":{"line":37,"column":null}}},"fnMap":{"0":{"name":"(anonymous_2)","decl":{"start":{"line":14,"column":17},"end":{"line":14,"column":null}},"loc":{"start":{"line":14,"column":17},"end":{"line":35,"column":null}}},"1":{"name":"(anonymous_3)","decl":{"start":{"line":19,"column":20},"end":{"line":19,"column":21}},"loc":{"start":{"line":20,"column":10},"end":{"line":20,"column":27}}}},"branchMap":{},"s":{"0":2,"1":1,"2":1,"3":1,"4":1,"5":1,"6":1,"7":1,"8":1,"9":8,"10":1},"f":{"0":2,"1":8},"b":{}}
,"D:\\project-unit-testing\\components\\Enrollment.tsx": {"path":"D:\\project-unit-testing\\components\\Enrollment.tsx","statementMap":{"0":{"start":{"line":20,"column":0},"end":{"line":20,"column":15}},"1":{"start":{"line":1,"column":18},"end":{"line":1,"column":null}},"2":{"start":{"line":3,"column":19},"end":{"line":19,"column":null}},"3":{"start":{"line":20,"column":15},"end":{"line":20,"column":null}}},"fnMap":{"0":{"name":"(anonymous_2)","decl":{"start":{"line":3,"column":19},"end":{"line":3,"column":null}},"loc":{"start":{"line":3,"column":19},"end":{"line":19,"column":null}}}},"branchMap":{},"s":{"0":1,"1":1,"2":1,"3":1},"f":{"0":1},"b":{}}
,"D:\\project-unit-testing\\components\\Footer.tsx": {"path":"D:\\project-unit-testing\\components\\Footer.tsx","statementMap":{"0":{"start":{"line":79,"column":0},"end":{"line":79,"column":15}},"1":{"start":{"line":1,"column":18},"end":{"line":1,"column":null}},"2":{"start":{"line":2,"column":17},"end":{"line":2,"column":null}},"3":{"start":{"line":3,"column":18},"end":{"line":3,"column":null}},"4":{"start":{"line":4,"column":20},"end":{"line":4,"column":null}},"5":{"start":{"line":5,"column":32},"end":{"line":5,"column":null}},"6":{"start":{"line":6,"column":61},"end":{"line":6,"column":null}},"7":{"start":{"line":7,"column":60},"end":{"line":7,"column":null}},"8":{"start":{"line":9,"column":15},"end":{"line":77,"column":null}},"9":{"start":{"line":79,"column":15},"end":{"line":79,"column":null}}},"fnMap":{"0":{"name":"(anonymous_2)","decl":{"start":{"line":9,"column":15},"end":{"line":9,"column":null}},"loc":{"start":{"line":9,"column":15},"end":{"line":77,"column":null}}}},"branchMap":{},"s":{"0":1,"1":1,"2":1,"3":1,"4":1,"5":1,"6":1,"7":1,"8":1,"9":1},"f":{"0":1},"b":{}}
,"D:\\project-unit-testing\\components\\Guiding.tsx": {"path":"D:\\project-unit-testing\\components\\Guiding.tsx","statementMap":{"0":{"start":{"line":37,"column":0},"end":{"line":37,"column":15}},"1":{"start":{"line":1,"column":18},"end":{"line":1,"column":null}},"2":{"start":{"line":2,"column":18},"end":{"line":2,"column":null}},"3":{"start":{"line":3,"column":20},"end":{"line":3,"column":null}},"4":{"start":{"line":5,"column":16},"end":{"line":35,"column":null}},"5":{"start":{"line":37,"column":15},"end":{"line":37,"column":null}}},"fnMap":{"0":{"name":"(anonymous_2)","decl":{"start":{"line":5,"column":16},"end":{"line":5,"column":null}},"loc":{"start":{"line":5,"column":16},"end":{"line":35,"column":null}}}},"branchMap":{},"s":{"0":1,"1":1,"2":1,"3":1,"4":1,"5":1},"f":{"0":1},"b":{}}
,"D:\\project-unit-testing\\components\\Header.tsx": {"path":"D:\\project-unit-testing\\components\\Header.tsx","statementMap":{"0":{"start":{"line":47,"column":0},"end":{"line":47,"column":15}},"1":{"start":{"line":1,"column":18},"end":{"line":1,"column":null}},"2":{"start":{"line":2,"column":32},"end":{"line":2,"column":null}},"3":{"start":{"line":3,"column":60},"end":{"line":3,"column":null}},"4":{"start":{"line":4,"column":49},"end":{"line":4,"column":null}},"5":{"start":{"line":5,"column":17},"end":{"line":5,"column":null}},"6":{"start":{"line":7,"column":15},"end":{"line":45,"column":null}},"7":{"start":{"line":47,"column":15},"end":{"line":47,"column":null}}},"fnMap":{"0":{"name":"(anonymous_2)","decl":{"start":{"line":7,"column":15},"end":{"line":7,"column":null}},"loc":{"start":{"line":7,"column":15},"end":{"line":45,"column":null}}}},"branchMap":{},"s":{"0":2,"1":1,"2":1,"3":1,"4":1,"5":1,"6":1,"7":1},"f":{"0":2},"b":{}}
,"D:\\project-unit-testing\\components\\Hero.tsx": {"path":"D:\\project-unit-testing\\components\\Hero.tsx","statementMap":{"0":{"start":{"line":24,"column":0},"end":{"line":24,"column":15}},"1":{"start":{"line":1,"column":18},"end":{"line":1,"column":null}},"2":{"start":{"line":3,"column":13},"end":{"line":22,"column":null}},"3":{"start":{"line":24,"column":15},"end":{"line":24,"column":null}}},"fnMap":{"0":{"name":"(anonymous_2)","decl":{"start":{"line":3,"column":13},"end":{"line":3,"column":null}},"loc":{"start":{"line":3,"column":13},"end":{"line":22,"column":null}}}},"branchMap":{},"s":{"0":1,"1":1,"2":1,"3":1},"f":{"0":1},"b":{}}
,"D:\\project-unit-testing\\components\\Navbar.tsx": {"path":"D:\\project-unit-testing\\components\\Navbar.tsx","statementMap":{"0":{"start":{"line":132,"column":0},"end":{"line":132,"column":15}},"1":{"start":{"line":2,"column":43},"end":{"line":2,"column":null}},"2":{"start":{"line":3,"column":46},"end":{"line":3,"column":null}},"3":{"start":{"line":4,"column":17},"end":{"line":4,"column":null}},"4":{"start":{"line":5,"column":18},"end":{"line":5,"column":null}},"5":{"start":{"line":6,"column":20},"end":{"line":6,"column":null}},"6":{"start":{"line":8,"column":15},"end":{"line":130,"column":null}},"7":{"start":{"line":9,"column":24},"end":{"line":9,"column":null}},"8":{"start":{"line":10,"column":46},"end":{"line":10,"column":null}},"9":{"start":{"line":12,"column":20},"end":{"line":14,"column":null}},"10":{"start":{"line":13,"column":4},"end":{"line":13,"column":null}},"11":{"start":{"line":15,"column":31},"end":{"line":17,"column":null}},"12":{"start":{"line":16,"column":4},"end":{"line":16,"column":null}},"13":{"start":{"line":132,"column":15},"end":{"line":132,"column":null}}},"fnMap":{"0":{"name":"(anonymous_5)","decl":{"start":{"line":8,"column":15},"end":{"line":8,"column":null}},"loc":{"start":{"line":8,"column":15},"end":{"line":130,"column":null}}},"1":{"name":"(anonymous_6)","decl":{"start":{"line":12,"column":20},"end":{"line":12,"column":null}},"loc":{"start":{"line":12,"column":20},"end":{"line":14,"column":null}}},"2":{"name":"(anonymous_7)","decl":{"start":{"line":15,"column":31},"end":{"line":15,"column":null}},"loc":{"start":{"line":15,"column":31},"end":{"line":17,"column":null}}}},"branchMap":{"0":{"loc":{"start":{"line":36,"column":39},"end":{"line":36,"column":83}},"type":"cond-expr","locations":[{"start":{"line":36,"column":56},"end":{"line":36,"column":80}},{"start":{"line":36,"column":80},"end":{"line":36,"column":83}}]},"1":{"loc":{"start":{"line":41,"column":40},"end":{"line":41,"column":64}},"type":"cond-expr","locations":[{"start":{"line":41,"column":40},"end":{"line":41,"column":64}}]},"2":{"loc":{"start":{"line":43,"column":13},"end":{"line":43,"column":null}},"type":"binary-expr","locations":[{"start":{"line":43,"column":13},"end":{"line":43,"column":null}}]},"3":{"loc":{"start":{"line":68,"column":12},"end":{"line":72,"column":13}},"type":"cond-expr","locations":[{"start":{"line":68,"column":12},"end":{"line":72,"column":13}}]},"4":{"loc":{"start":{"line":80,"column":12},"end":{"line":82,"column":null}},"type":"cond-expr","locations":[{"start":{"line":81,"column":16},"end":{"line":81,"column":null}},{"start":{"line":82,"column":16},"end":{"line":82,"column":null}}]},"5":{"loc":{"start":{"line":96,"column":61},"end":{"line":96,"column":105}},"type":"cond-expr","locations":[{"start":{"line":96,"column":78},"end":{"line":96,"column":102}},{"start":{"line":96,"column":102},"end":{"line":96,"column":105}}]},"6":{"loc":{"start":{"line":99,"column":45},"end":{"line":99,"column":69}},"type":"cond-expr","locations":[{"start":{"line":99,"column":45},"end":{"line":99,"column":69}}]},"7":{"loc":{"start":{"line":101,"column":15},"end":{"line":101,"column":null}},"type":"binary-expr","locations":[{"start":{"line":101,"column":15},"end":{"line":101,"column":null}}]}},"s":{"0":3,"1":1,"2":1,"3":1,"4":1,"5":1,"6":1,"7":6,"8":6,"9":6,"10":2,"11":6,"12":1,"13":1},"f":{"0":6,"1":2,"2":1},"b":{"0":[1,5],"1":[1],"2":[6],"3":[1],"4":[1,5],"5":[1,5],"6":[1],"7":[6]}}
,"D:\\project-unit-testing\\components\\Recents.tsx": {"path":"D:\\project-unit-testing\\components\\Recents.tsx","statementMap":{"0":{"start":{"line":221,"column":0},"end":{"line":221,"column":15}},"1":{"start":{"line":2,"column":43},"end":{"line":2,"column":null}},"2":{"start":{"line":3,"column":18},"end":{"line":3,"column":null}},"3":{"start":{"line":4,"column":15},"end":{"line":4,"column":null}},"4":{"start":{"line":5,"column":15},"end":{"line":5,"column":null}},"5":{"start":{"line":14,"column":27},"end":{"line":36,"column":null}},"6":{"start":{"line":38,"column":28},"end":{"line":38,"column":null}},"7":{"start":{"line":39,"column":54},"end":{"line":39,"column":null}},"8":{"start":{"line":41,"column":28},"end":{"line":67,"column":null}},"9":{"start":{"line":42,"column":22},"end":{"line":42,"column":46}},"10":{"start":{"line":44,"column":4},"end":{"line":66,"column":null}},"11":{"start":{"line":45,"column":24},"end":{"line":45,"column":null}},"12":{"start":{"line":46,"column":23},"end":{"line":46,"column":null}},"13":{"start":{"line":47,"column":26},"end":{"line":47,"column":null}},"14":{"start":{"line":49,"column":21},"end":{"line":49,"column":null}},"15":{"start":{"line":50,"column":6},"end":{"line":52,"column":null}},"16":{"start":{"line":51,"column":8},"end":{"line":51,"column":null}},"17":{"start":{"line":53,"column":6},"end":{"line":55,"column":null}},"18":{"start":{"line":54,"column":8},"end":{"line":54,"column":null}},"19":{"start":{"line":57,"column":8},"end":{"line":60,"column":null}},"20":{"start":{"line":59,"column":10},"end":{"line":59,"column":null}},"21":{"start":{"line":61,"column":6},"end":{"line":61,"column":null}},"22":{"start":{"line":62,"column":6},"end":{"line":65,"column":null}},"23":{"start":{"line":154,"column":29},"end":{"line":154,"column":null}},"24":{"start":{"line":171,"column":18},"end":{"line":171,"column":71}},"25":{"start":{"line":209,"column":29},"end":{"line":209,"column":null}},"26":{"start":{"line":221,"column":15},"end":{"line":221,"column":null}}},"fnMap":{"0":{"name":"Recents","decl":{"start":{"line":13,"column":9},"end":{"line":13,"column":null}},"loc":{"start":{"line":13,"column":9},"end":{"line":220,"column":null}}},"1":{"name":"(anonymous_6)","decl":{"start":{"line":41,"column":28},"end":{"line":41,"column":29}},"loc":{"start":{"line":41,"column":29},"end":{"line":67,"column":null}}},"2":{"name":"(anonymous_7)","decl":{"start":{"line":59,"column":31},"end":{"line":59,"column":36}},"loc":{"start":{"line":59,"column":31},"end":{"line":59,"column":null}}},"3":{"name":"(anonymous_8)","decl":{"start":{"line":154,"column":23},"end":{"line":154,"column":29}},"loc":{"start":{"line":154,"column":29},"end":{"line":154,"column":null}}},"4":{"name":"(anonymous_9)","decl":{"start":{"line":170,"column":26},"end":{"line":170,"column":27}},"loc":{"start":{"line":171,"column":18},"end":{"line":171,"column":71}}},"5":{"name":"(anonymous_10)","decl":{"start":{"line":209,"column":23},"end":{"line":209,"column":29}},"loc":{"start":{"line":209,"column":29},"end":{"line":209,"column":null}}}},"branchMap":{"0":{"loc":{"start":{"line":44,"column":4},"end":{"line":66,"column":null}},"type":"if","locations":[{"start":{"line":44,"column":4},"end":{"line":66,"column":null}}]},"1":{"loc":{"start":{"line":50,"column":6},"end":{"line":52,"column":null}},"type":"if","locations":[{"start":{"line":50,"column":6},"end":{"line":52,"column":null}}]},"2":{"loc":{"start":{"line":53,"column":6},"end":{"line":55,"column":null}},"type":"if","locations":[{"start":{"line":53,"column":6},"end":{"line":55,"column":null}}]},"3":{"loc":{"start":{"line":57,"column":8},"end":{"line":60,"column":null}},"type":"if","locations":[{"start":{"line":57,"column":8},"end":{"line":60,"column":null}}]}},"s":{"0":3,"1":1,"2":1,"3":1,"4":1,"5":4,"6":4,"7":4,"8":4,"9":2,"10":2,"11":2,"12":2,"13":2,"14":2,"15":2,"16":1,"17":2,"18":1,"19":2,"20":2,"21":2,"22":2,"23":1,"24":16,"25":1,"26":1},"f":{"0":4,"1":2,"2":2,"3":1,"4":16,"5":1},"b":{"0":[2],"1":[1],"2":[1],"3":[2]}}
,"D:\\project-unit-testing\\components\\Teachers.tsx": {"path":"D:\\project-unit-testing\\components\\Teachers.tsx","statementMap":{"0":{"start":{"line":63,"column":0},"end":{"line":63,"column":15}},"1":{"start":{"line":1,"column":18},"end":{"line":1,"column":null}},"2":{"start":{"line":2,"column":18},"end":{"line":2,"column":null}},"3":{"start":{"line":3,"column":15},"end":{"line":3,"column":null}},"4":{"start":{"line":4,"column":15},"end":{"line":4,"column":null}},"5":{"start":{"line":5,"column":15},"end":{"line":5,"column":null}},"6":{"start":{"line":6,"column":60},"end":{"line":6,"column":null}},"7":{"start":{"line":7,"column":17},"end":{"line":7,"column":null}},"8":{"start":{"line":9,"column":13},"end":{"line":13,"column":null}},"9":{"start":{"line":15,"column":13},"end":{"line":61,"column":null}},"10":{"start":{"line":29,"column":10},"end":{"line":29,"column":29}},"11":{"start":{"line":63,"column":15},"end":{"line":63,"column":null}}},"fnMap":{"0":{"name":"(anonymous_2)","decl":{"start":{"line":15,"column":13},"end":{"line":15,"column":null}},"loc":{"start":{"line":15,"column":13},"end":{"line":61,"column":null}}},"1":{"name":"(anonymous_3)","decl":{"start":{"line":28,"column":18},"end":{"line":28,"column":null}},"loc":{"start":{"line":29,"column":10},"end":{"line":29,"column":29}}}},"branchMap":{},"s":{"0":1,"1":1,"2":1,"3":1,"4":1,"5":1,"6":1,"7":1,"8":1,"9":1,"10":3,"11":1},"f":{"0":1,"1":3},"b":{}}
,"D:\\project-unit-testing\\components\\Testimonial.tsx": {"path":"D:\\project-unit-testing\\components\\Testimonial.tsx","statementMap":{"0":{"start":{"line":88,"column":0},"end":{"line":88,"column":15}},"1":{"start":{"line":2,"column":18},"end":{"line":2,"column":null}},"2":{"start":{"line":3,"column":19},"end":{"line":3,"column":null}},"3":{"start":{"line":4,"column":7},"end":{"line":4,"column":null}},"4":{"start":{"line":5,"column":7},"end":{"line":5,"column":null}},"5":{"start":{"line":6,"column":18},"end":{"line":6,"column":null}},"6":{"start":{"line":7,"column":15},"end":{"line":7,"column":null}},"7":{"start":{"line":9,"column":24},"end":{"line":35,"column":null}},"8":{"start":{"line":37,"column":26},"end":{"line":86,"column":null}},"9":{"start":{"line":38,"column":19},"end":{"line":53,"column":null}},"10":{"start":{"line":67,"column":10},"end":{"line":67,"column":36}},"11":{"start":{"line":88,"column":15},"end":{"line":88,"column":null}}},"fnMap":{"0":{"name":"(anonymous_2)","decl":{"start":{"line":37,"column":26},"end":{"line":37,"column":null}},"loc":{"start":{"line":37,"column":26},"end":{"line":86,"column":null}}},"1":{"name":"(anonymous_3)","decl":{"start":{"line":66,"column":29},"end":{"line":66,"column":30}},"loc":{"start":{"line":67,"column":10},"end":{"line":67,"column":36}}}},"branchMap":{},"s":{"0":1,"1":1,"2":1,"3":1,"4":1,"5":1,"6":1,"7":1,"8":1,"9":1,"10":4,"11":1},"f":{"0":1,"1":4},"b":{}}
,"D:\\project-unit-testing\\components\\WhyChoose.tsx": {"path":"D:\\project-unit-testing\\components\\WhyChoose.tsx","statementMap":{"0":{"start":{"line":40,"column":0},"end":{"line":40,"column":15}},"1":{"start":{"line":1,"column":18},"end":{"line":1,"column":null}},"2":{"start":{"line":2,"column":18},"end":{"line":2,"column":null}},"3":{"start":{"line":3,"column":15},"end":{"line":3,"column":null}},"4":{"start":{"line":4,"column":15},"end":{"line":4,"column":null}},"5":{"start":{"line":5,"column":15},"end":{"line":5,"column":null}},"6":{"start":{"line":6,"column":15},"end":{"line":6,"column":null}},"7":{"start":{"line":8,"column":13},"end":{"line":13,"column":null}},"8":{"start":{"line":14,"column":18},"end":{"line":39,"column":null}},"9":{"start":{"line":26,"column":10},"end":{"line":26,"column":29}},"10":{"start":{"line":40,"column":15},"end":{"line":40,"column":null}}},"fnMap":{"0":{"name":"(anonymous_2)","decl":{"start":{"line":14,"column":18},"end":{"line":14,"column":null}},"loc":{"start":{"line":14,"column":18},"end":{"line":39,"column":null}}},"1":{"name":"(anonymous_3)","decl":{"start":{"line":25,"column":18},"end":{"line":25,"column":null}},"loc":{"start":{"line":26,"column":10},"end":{"line":26,"column":29}}}},"branchMap":{},"s":{"0":1,"1":1,"2":1,"3":1,"4":1,"5":1,"6":1,"7":1,"8":1,"9":4,"10":1},"f":{"0":1,"1":4},"b":{}}
}
