TN:
SF:components\Accordian.tsx
FN:8,(anonymous_2)
FN:52,(anonymous_3)
FN:71,(anonymous_4)
FN:73,(anonymous_5)
FNF:4
FNH:4
FNDA:7,(anonymous_2)
FNDA:5,(anonymous_3)
FNDA:35,(anonymous_4)
FNDA:5,(anonymous_5)
DA:2,1
DA:3,1
DA:4,1
DA:5,1
DA:6,1
DA:8,1
DA:9,7
DA:50,7
DA:52,7
DA:53,5
DA:54,5
DA:55,5
DA:72,35
DA:73,5
DA:101,2
LF:15
LH:15
BRDA:81,0,0,15
BRDA:81,0,1,20
BRDA:84,1,0,15
BRDA:84,1,1,20
BRF:4
BRH:4
end_of_record
TN:
SF:components\Acitvities.tsx
FN:9,(anonymous_2)
FNF:1
FNH:1
FNDA:1,(anonymous_2)
DA:1,1
DA:2,1
DA:3,1
DA:4,1
DA:5,1
DA:6,1
DA:7,1
DA:8,1
DA:9,1
DA:98,1
LF:10
LH:10
BRF:0
BRH:0
end_of_record
TN:
SF:components\Circle.tsx
FN:11,(anonymous_2)
FN:15,(anonymous_3)
FNF:2
FNH:2
FNDA:1,(anonymous_2)
FNDA:4,(anonymous_3)
DA:1,1
DA:2,1
DA:3,1
DA:5,1
DA:11,1
DA:16,4
DA:32,1
LF:7
LH:7
BRF:0
BRH:0
end_of_record
TN:
SF:components\Classes.tsx
FN:15,Classes
FN:51,(anonymous_6)
FN:69,(anonymous_7)
FN:160,(anonymous_8)
FN:176,(anonymous_9)
FN:212,(anonymous_10)
FNF:6
FNH:6
FNDA:4,Classes
FNDA:2,(anonymous_6)
FNDA:2,(anonymous_7)
FNDA:1,(anonymous_8)
FNDA:16,(anonymous_9)
FNDA:1,(anonymous_10)
DA:2,1
DA:3,1
DA:5,1
DA:16,4
DA:48,4
DA:49,4
DA:51,4
DA:52,2
DA:54,2
DA:55,2
DA:56,2
DA:57,2
DA:59,2
DA:60,2
DA:61,1
DA:63,2
DA:64,1
DA:67,2
DA:69,2
DA:71,2
DA:72,2
DA:160,1
DA:177,16
DA:212,1
DA:224,3
LF:25
LH:25
BRDA:54,0,0,2
BRDA:60,1,0,1
BRDA:63,2,0,1
BRDA:67,3,0,2
BRF:4
BRH:4
end_of_record
TN:
SF:components\Discover.tsx
FN:14,(anonymous_2)
FN:19,(anonymous_3)
FNF:2
FNH:2
FNDA:2,(anonymous_2)
FNDA:8,(anonymous_3)
DA:1,1
DA:2,1
DA:3,1
DA:4,1
DA:5,1
DA:6,1
DA:8,1
DA:14,1
DA:20,8
DA:37,2
LF:10
LH:10
BRF:0
BRH:0
end_of_record
TN:
SF:components\Enrollment.tsx
FN:3,(anonymous_2)
FNF:1
FNH:1
FNDA:1,(anonymous_2)
DA:1,1
DA:3,1
DA:20,1
LF:3
LH:3
BRF:0
BRH:0
end_of_record
TN:
SF:components\Footer.tsx
FN:9,(anonymous_2)
FNF:1
FNH:1
FNDA:1,(anonymous_2)
DA:1,1
DA:2,1
DA:3,1
DA:4,1
DA:5,1
DA:6,1
DA:7,1
DA:9,1
DA:79,1
LF:9
LH:9
BRF:0
BRH:0
end_of_record
TN:
SF:components\Guiding.tsx
FN:5,(anonymous_2)
FNF:1
FNH:1
FNDA:1,(anonymous_2)
DA:1,1
DA:2,1
DA:3,1
DA:5,1
DA:37,1
LF:5
LH:5
BRF:0
BRH:0
end_of_record
TN:
SF:components\Header.tsx
FN:7,(anonymous_2)
FNF:1
FNH:1
FNDA:2,(anonymous_2)
DA:1,1
DA:2,1
DA:3,1
DA:4,1
DA:5,1
DA:7,1
DA:47,2
LF:7
LH:7
BRF:0
BRH:0
end_of_record
TN:
SF:components\Hero.tsx
FN:3,(anonymous_2)
FNF:1
FNH:1
FNDA:1,(anonymous_2)
DA:1,1
DA:3,1
DA:24,1
LF:3
LH:3
BRF:0
BRH:0
end_of_record
TN:
SF:components\Navbar.tsx
FN:8,(anonymous_5)
FN:12,(anonymous_6)
FN:15,(anonymous_7)
FNF:3
FNH:3
FNDA:6,(anonymous_5)
FNDA:2,(anonymous_6)
FNDA:1,(anonymous_7)
DA:2,1
DA:3,1
DA:4,1
DA:5,1
DA:6,1
DA:8,1
DA:9,6
DA:10,6
DA:12,6
DA:13,2
DA:15,6
DA:16,1
DA:132,3
LF:13
LH:13
BRDA:36,0,0,1
BRDA:36,0,1,5
BRDA:41,1,0,1
BRDA:43,2,0,6
BRDA:68,3,0,1
BRDA:80,4,0,1
BRDA:80,4,1,5
BRDA:96,5,0,1
BRDA:96,5,1,5
BRDA:99,6,0,1
BRDA:101,7,0,6
BRF:11
BRH:11
end_of_record
TN:
SF:components\Recents.tsx
FN:13,Recents
FN:41,(anonymous_6)
FN:59,(anonymous_7)
FN:154,(anonymous_8)
FN:170,(anonymous_9)
FN:209,(anonymous_10)
FNF:6
FNH:6
FNDA:4,Recents
FNDA:2,(anonymous_6)
FNDA:2,(anonymous_7)
FNDA:1,(anonymous_8)
FNDA:16,(anonymous_9)
FNDA:1,(anonymous_10)
DA:2,1
DA:3,1
DA:4,1
DA:5,1
DA:14,4
DA:38,4
DA:39,4
DA:41,4
DA:42,2
DA:44,2
DA:45,2
DA:46,2
DA:47,2
DA:49,2
DA:50,2
DA:51,1
DA:53,2
DA:54,1
DA:57,2
DA:59,2
DA:61,2
DA:62,2
DA:154,1
DA:171,16
DA:209,1
DA:221,3
LF:26
LH:26
BRDA:44,0,0,2
BRDA:50,1,0,1
BRDA:53,2,0,1
BRDA:57,3,0,2
BRF:4
BRH:4
end_of_record
TN:
SF:components\Teachers.tsx
FN:15,(anonymous_2)
FN:28,(anonymous_3)
FNF:2
FNH:2
FNDA:1,(anonymous_2)
FNDA:3,(anonymous_3)
DA:1,1
DA:2,1
DA:3,1
DA:4,1
DA:5,1
DA:6,1
DA:7,1
DA:9,1
DA:15,1
DA:29,3
DA:63,1
LF:11
LH:11
BRF:0
BRH:0
end_of_record
TN:
SF:components\Testimonial.tsx
FN:37,(anonymous_2)
FN:66,(anonymous_3)
FNF:2
FNH:2
FNDA:1,(anonymous_2)
FNDA:4,(anonymous_3)
DA:2,1
DA:3,1
DA:4,1
DA:5,1
DA:6,1
DA:7,1
DA:9,1
DA:37,1
DA:38,1
DA:67,4
DA:88,1
LF:11
LH:11
BRF:0
BRH:0
end_of_record
TN:
SF:components\WhyChoose.tsx
FN:14,(anonymous_2)
FN:25,(anonymous_3)
FNF:2
FNH:2
FNDA:1,(anonymous_2)
FNDA:4,(anonymous_3)
DA:1,1
DA:2,1
DA:3,1
DA:4,1
DA:5,1
DA:6,1
DA:8,1
DA:14,1
DA:26,4
DA:40,1
LF:10
LH:10
BRF:0
BRH:0
end_of_record
